{
  "stats": {
    "suites": 2,
    "tests": 10,
    "passes": 10,
    "pending": 0,
    "failures": 0,
    "start": "2022-02-06T12:01:16.205Z",
    "end": "2022-02-06T12:01:16.243Z",
    "duration": 38,
    "testsRegistered": 10,
    "passPercent": 100,
    "pendingPercent": 0,
    "other": 0,
    "hasOther": false,
    "skipped": 0,
    "hasSkipped": false
  },
  "results": [
    {
      "uuid": "0d273e71-2221-4c97-9983-40a3a41cf1e2",
      "title": "",
      "fullFile": "",
      "file": "",
      "beforeHooks": [],
      "afterHooks": [],
      "tests": [],
      "suites": [
        {
          "uuid": "ac61b5f5-9be4-40ea-8291-4037e1b363a8",
          "title": "factorialShort",
          "fullFile": "C:\\Users\\User\\Desktop\\QA\\Epam home work\\mocha-unit-testing-example-master\\test\\specs\\factorialShort.spec.js",
          "file": "\\test\\specs\\factorialShort.spec.js",
          "beforeHooks": [
            {
              "title": "\"before each\" hook",
              "fullTitle": "factorialShort \"before each\" hook",
              "timedOut": false,
              "duration": 0,
              "state": null,
              "speed": null,
              "pass": false,
              "fail": false,
              "pending": false,
              "context": null,
              "code": "factorial = new Factorial();\nspy = chai.spy.on(factorial, 'factorialShort');",
              "err": {},
              "uuid": "a98935bb-8ecc-447d-ae47-20990bec5e99",
              "parentUUID": "ac61b5f5-9be4-40ea-8291-4037e1b363a8",
              "isHook": true,
              "skipped": false
            }
          ],
          "afterHooks": [
            {
              "title": "\"after each\" hook",
              "fullTitle": "factorialShort \"after each\" hook",
              "timedOut": false,
              "duration": 0,
              "state": null,
              "speed": null,
              "pass": false,
              "fail": false,
              "pending": false,
              "context": null,
              "code": "factorial = null;",
              "err": {},
              "uuid": "9d857a15-e4eb-41ea-b6b6-0cc863e213a8",
              "parentUUID": "ac61b5f5-9be4-40ea-8291-4037e1b363a8",
              "isHook": true,
              "skipped": false
            }
          ],
          "tests": [
            {
              "title": "should return 6 when called with number 3",
              "fullTitle": "factorialShort should return 6 when called with number 3",
              "timedOut": false,
              "duration": 1,
              "state": "passed",
              "speed": "fast",
              "pass": true,
              "fail": false,
              "pending": false,
              "context": null,
              "code": "expect(factorial.factorialShort(3)).to.be.equal(6);",
              "err": {},
              "uuid": "dce128d3-1d77-4e1a-822c-951e0c05d4c0",
              "parentUUID": "ac61b5f5-9be4-40ea-8291-4037e1b363a8",
              "isHook": false,
              "skipped": false
            },
            {
              "title": "should return 362880 when called with number 9",
              "fullTitle": "factorialShort should return 362880 when called with number 9",
              "timedOut": false,
              "duration": 1,
              "state": "passed",
              "speed": "fast",
              "pass": true,
              "fail": false,
              "pending": false,
              "context": null,
              "code": "expect(factorial.factorialShort(9)).to.be.equal(362880);",
              "err": {},
              "uuid": "1595a506-aee7-4c67-acb1-83c4fca6c9c4",
              "parentUUID": "ac61b5f5-9be4-40ea-8291-4037e1b363a8",
              "isHook": false,
              "skipped": false
            },
            {
              "title": "should throw an error if provided with a negative number",
              "fullTitle": "factorialShort should throw an error if provided with a negative number",
              "timedOut": false,
              "duration": 2,
              "state": "passed",
              "speed": "fast",
              "pass": true,
              "fail": false,
              "pending": false,
              "context": null,
              "code": "let callWithError = () => factorial.factorialShort(-1);\nexpect(spy).to.be.a.spy;\nexpect(callWithError).to.throw(`Negative number!`);",
              "err": {},
              "uuid": "cab0c4bb-519b-4a80-9193-97644a9fa45d",
              "parentUUID": "ac61b5f5-9be4-40ea-8291-4037e1b363a8",
              "isHook": false,
              "skipped": false
            },
            {
              "title": "should be called twice when provided with 2",
              "fullTitle": "factorialShort should be called twice when provided with 2",
              "timedOut": false,
              "duration": 1,
              "state": "passed",
              "speed": "fast",
              "pass": true,
              "fail": false,
              "pending": false,
              "context": null,
              "code": "factorial.factorialShort(2);\nexpect(spy).to.have.been.called(2);",
              "err": {},
              "uuid": "3cc3599e-fcdf-4561-8756-e14ac73b0519",
              "parentUUID": "ac61b5f5-9be4-40ea-8291-4037e1b363a8",
              "isHook": false,
              "skipped": false
            },
            {
              "title": "should return 1 when provided 1",
              "fullTitle": "factorialShort should return 1 when provided 1",
              "timedOut": false,
              "duration": 1,
              "state": "passed",
              "speed": "fast",
              "pass": true,
              "fail": false,
              "pending": false,
              "context": null,
              "code": "expect(factorial.factorialShort(1)).to.be.equal(1);",
              "err": {},
              "uuid": "3b8f8adc-3fce-4bdd-ada3-cbab50263224",
              "parentUUID": "ac61b5f5-9be4-40ea-8291-4037e1b363a8",
              "isHook": false,
              "skipped": false
            }
          ],
          "suites": [],
          "passes": [
            "dce128d3-1d77-4e1a-822c-951e0c05d4c0",
            "1595a506-aee7-4c67-acb1-83c4fca6c9c4",
            "cab0c4bb-519b-4a80-9193-97644a9fa45d",
            "3cc3599e-fcdf-4561-8756-e14ac73b0519",
            "3b8f8adc-3fce-4bdd-ada3-cbab50263224"
          ],
          "failures": [],
          "pending": [],
          "skipped": [],
          "duration": 6,
          "root": false,
          "rootEmpty": false,
          "_timeout": 5000
        },
        {
          "uuid": "a26fc158-9068-4739-82f1-c8e0b438dd59",
          "title": "factorialSimple",
          "fullFile": "C:\\Users\\User\\Desktop\\QA\\Epam home work\\mocha-unit-testing-example-master\\test\\specs\\factorialSimple.spec.js",
          "file": "\\test\\specs\\factorialSimple.spec.js",
          "beforeHooks": [
            {
              "title": "\"before each\" hook",
              "fullTitle": "factorialSimple \"before each\" hook",
              "timedOut": false,
              "duration": 1,
              "state": null,
              "speed": null,
              "pass": false,
              "fail": false,
              "pending": false,
              "context": null,
              "code": "factorial = new Factorial();\nspy = chai.spy.on(factorial, 'factorialSimple');",
              "err": {},
              "uuid": "c19fa224-930b-4a4f-8ece-4769c2aaa7d0",
              "parentUUID": "a26fc158-9068-4739-82f1-c8e0b438dd59",
              "isHook": true,
              "skipped": false
            }
          ],
          "afterHooks": [
            {
              "title": "\"after each\" hook",
              "fullTitle": "factorialSimple \"after each\" hook",
              "timedOut": false,
              "duration": 0,
              "state": null,
              "speed": null,
              "pass": false,
              "fail": false,
              "pending": false,
              "context": null,
              "code": "factorial = null;",
              "err": {},
              "uuid": "2a040567-5931-4271-a03f-14eac012864f",
              "parentUUID": "a26fc158-9068-4739-82f1-c8e0b438dd59",
              "isHook": true,
              "skipped": false
            }
          ],
          "tests": [
            {
              "title": "should return 6 when called with number 3",
              "fullTitle": "factorialSimple should return 6 when called with number 3",
              "timedOut": false,
              "duration": 1,
              "state": "passed",
              "speed": "fast",
              "pass": true,
              "fail": false,
              "pending": false,
              "context": null,
              "code": "expect(factorial.factorialSimple(3)).to.be.equal(6);",
              "err": {},
              "uuid": "07299e21-c374-468e-91f8-6e7cb954a689",
              "parentUUID": "a26fc158-9068-4739-82f1-c8e0b438dd59",
              "isHook": false,
              "skipped": false
            },
            {
              "title": "should return 362880 when called with number 9",
              "fullTitle": "factorialSimple should return 362880 when called with number 9",
              "timedOut": false,
              "duration": 1,
              "state": "passed",
              "speed": "fast",
              "pass": true,
              "fail": false,
              "pending": false,
              "context": null,
              "code": "expect(factorial.factorialSimple(9)).to.be.equal(362880);",
              "err": {},
              "uuid": "1c7cd297-9436-4ae5-8b4f-c6f432873017",
              "parentUUID": "a26fc158-9068-4739-82f1-c8e0b438dd59",
              "isHook": false,
              "skipped": false
            },
            {
              "title": "should throw an error if provided with a negative number",
              "fullTitle": "factorialSimple should throw an error if provided with a negative number",
              "timedOut": false,
              "duration": 1,
              "state": "passed",
              "speed": "fast",
              "pass": true,
              "fail": false,
              "pending": false,
              "context": null,
              "code": "let callWithError = () => factorial.factorialSimple(-1);\nexpect(spy).to.be.a.spy;\nexpect(callWithError).to.throw(`Negative number!`);",
              "err": {},
              "uuid": "e08456bc-f130-4ea5-a862-0b493ce8488d",
              "parentUUID": "a26fc158-9068-4739-82f1-c8e0b438dd59",
              "isHook": false,
              "skipped": false
            },
            {
              "title": "should be called twice when provided with 2",
              "fullTitle": "factorialSimple should be called twice when provided with 2",
              "timedOut": false,
              "duration": 1,
              "state": "passed",
              "speed": "fast",
              "pass": true,
              "fail": false,
              "pending": false,
              "context": null,
              "code": "factorial.factorialSimple(2);\nexpect(spy).to.have.been.called(1);",
              "err": {},
              "uuid": "2cbde1d5-5c01-4298-b7ea-f9a9742f3727",
              "parentUUID": "a26fc158-9068-4739-82f1-c8e0b438dd59",
              "isHook": false,
              "skipped": false
            },
            {
              "title": "should return 1 when provided 1",
              "fullTitle": "factorialSimple should return 1 when provided 1",
              "timedOut": false,
              "duration": 0,
              "state": "passed",
              "speed": "fast",
              "pass": true,
              "fail": false,
              "pending": false,
              "context": null,
              "code": "expect(factorial.factorialSimple(1)).to.be.equal(1);",
              "err": {},
              "uuid": "5da990d3-b460-4e26-af3c-7de3480e95a5",
              "parentUUID": "a26fc158-9068-4739-82f1-c8e0b438dd59",
              "isHook": false,
              "skipped": false
            }
          ],
          "suites": [],
          "passes": [
            "07299e21-c374-468e-91f8-6e7cb954a689",
            "1c7cd297-9436-4ae5-8b4f-c6f432873017",
            "e08456bc-f130-4ea5-a862-0b493ce8488d",
            "2cbde1d5-5c01-4298-b7ea-f9a9742f3727",
            "5da990d3-b460-4e26-af3c-7de3480e95a5"
          ],
          "failures": [],
          "pending": [],
          "skipped": [],
          "duration": 4,
          "root": false,
          "rootEmpty": false,
          "_timeout": 5000
        }
      ],
      "passes": [],
      "failures": [],
      "pending": [],
      "skipped": [],
      "duration": 0,
      "root": true,
      "rootEmpty": true,
      "_timeout": 5000
    }
  ],
  "meta": {
    "mocha": {
      "version": "6.2.3"
    },
    "mochawesome": {
      "options": {
        "quiet": false,
        "reportFilename": "mochawesome",
        "saveHtml": true,
        "saveJson": true,
        "useInlineDiffs": false
      },
      "version": "4.0.1"
    },
    "marge": {
      "options": null,
      "version": "4.0.1"
    }
  }
}